\BOOKMARK [0][-]{chapter*.2}{\376\377\000\315\000n\000d\000i\000c\000e\000\040\000d\000e\000\040\000t\000a\000b\000l\000a\000s}{}% 1
\BOOKMARK [0][-]{chapter*.3}{\376\377\000\315\000n\000d\000i\000c\000e\000\040\000d\000e\000\040\000f\000i\000g\000u\000r\000a\000s}{}% 2
\BOOKMARK [0][-]{chapter.5}{\376\377\000I\000n\000t\000r\000o\000d\000u\000c\000c\000i\000\363\000n}{}% 3
\BOOKMARK [1][-]{section.6}{\376\377\000P\000l\000a\000n\000t\000e\000a\000m\000i\000e\000n\000t\000o\000\040\000d\000e\000l\000\040\000P\000r\000o\000b\000l\000e\000m\000a}{chapter.5}% 4
\BOOKMARK [1][-]{section.7}{\376\377\000F\000o\000r\000m\000u\000l\000a\000c\000i\000\363\000n\000\040\000d\000e\000l\000\040\000P\000r\000o\000b\000l\000e\000m\000a}{chapter.5}% 5
\BOOKMARK [1][-]{section.8}{\376\377\000O\000b\000j\000e\000t\000i\000v\000o\000\040\000G\000e\000n\000e\000r\000a\000l}{chapter.5}% 6
\BOOKMARK [1][-]{section.9}{\376\377\000O\000b\000j\000e\000t\000i\000v\000o\000s\000\040\000E\000s\000p\000e\000c\000\355\000f\000i\000c\000o\000s}{chapter.5}% 7
\BOOKMARK [1][-]{section.12}{\376\377\000J\000u\000s\000t\000i\000f\000i\000c\000a\000c\000i\000\363\000n}{chapter.5}% 8
\BOOKMARK [1][-]{section.13}{\376\377\000A\000l\000c\000a\000n\000c\000e}{chapter.5}% 9
\BOOKMARK [0][-]{chapter.14}{\376\377\000M\000a\000r\000c\000o\000\040\000T\000e\000\363\000r\000i\000c\000o}{}% 10
\BOOKMARK [1][-]{section.15}{\376\377\000A\000n\000t\000e\000c\000e\000d\000e\000n\000t\000e\000s\000\040\000d\000e\000\040\000l\000a\000\040\000I\000n\000v\000e\000s\000t\000i\000g\000a\000c\000i\000\363\000n}{chapter.14}% 11
\BOOKMARK [1][-]{section.16}{\376\377\000B\000a\000s\000e\000s\000\040\000t\000e\000\363\000r\000i\000c\000a\000s}{chapter.14}% 12
\BOOKMARK [2][-]{subsection.17}{\376\377\000D\000-\000l\000e\000a\000r\000n\000i\000n\000g}{section.16}% 13
\BOOKMARK [2][-]{subsection.18}{\376\377\000E\000-\000l\000e\000a\000r\000n\000i\000n\000g}{section.16}% 14
\BOOKMARK [2][-]{subsection.19}{\376\377\000S\000i\000s\000t\000e\000m\000a\000s\000\040\000e\000-\000l\000e\000a\000r\000n\000i\000n\000g}{section.16}% 15
\BOOKMARK [2][-]{subsection.20}{\376\377\000R\000e\000c\000u\000r\000s\000o\000\040\000d\000i\000d\000\341\000c\000t\000i\000c\000o}{section.16}% 16
\BOOKMARK [2][-]{subsection.21}{\376\377\000P\000r\000e\000p\000a\000r\000a\000d\000o\000r\000\040\000a\000c\000a\000d\000\351\000m\000i\000c\000o}{section.16}% 17
\BOOKMARK [2][-]{subsection.22}{\376\377\000T\000e\000c\000n\000o\000l\000o\000g\000\355\000a\000s\000\040\000d\000e\000\040\000l\000a\000\040\000i\000n\000f\000o\000r\000m\000a\000c\000i\000\363\000n\000\040\000y\000\040\000l\000a\000\040\000c\000o\000m\000u\000n\000i\000c\000a\000c\000i\000\363\000n\000\040\000\050\000T\000I\000C\000\051\000\040\000c\000o\000m\000o\000\040\000f\000a\000c\000i\000l\000i\000t\000a\000d\000o\000r\000a\000s\000\040\000d\000e\000l\000\040\000a\000p\000r\000e\000n\000d\000i\000z\000a\000j\000e}{section.16}% 18
\BOOKMARK [3][-]{subsubsection.23}{\376\377\000C\000o\000n\000c\000e\000p\000t\000o}{subsection.22}% 19
\BOOKMARK [3][-]{subsubsection.24}{\376\377\000R\000e\000l\000a\000c\000i\000\363\000n\000\040\000c\000o\000n\000\040\000l\000a\000s\000\040\000e\000s\000t\000r\000a\000t\000e\000g\000i\000a\000s\000\040\000e\000d\000u\000c\000a\000t\000i\000v\000a\000s}{subsection.22}% 20
\BOOKMARK [3][-]{subsubsection.26}{\376\377\000I\000n\000f\000l\000u\000e\000n\000c\000i\000a\000\040\000c\000o\000m\000o\000\040\000h\000e\000r\000r\000a\000m\000i\000e\000n\000t\000a\000s\000\040\000w\000e\000b}{subsection.22}% 21
\BOOKMARK [0][-]{chapter.28}{\376\377\000M\000a\000r\000c\000o\000\040\000M\000e\000t\000o\000d\000o\000l\000\363\000g\000i\000c\000o}{}% 22
\BOOKMARK [1][-]{section.29}{\376\377\000S\000e\000l\000e\000c\000c\000i\000\363\000n\000\040\000d\000e\000\040\000l\000a\000\040\000T\000e\000c\000n\000o\000l\000o\000g\000\355\000a}{chapter.28}% 23
\BOOKMARK [1][-]{section.30}{\376\377\000P\000r\000o\000c\000e\000s\000o\000\040\000d\000e\000\040\000s\000o\000f\000t\000w\000a\000r\000e\000\040\000d\000e\000l\000\040\000p\000r\000e\000p\000a\000r\000a\000d\000o\000r\000\040\000d\000i\000g\000i\000t\000a\000l}{chapter.28}% 24
\BOOKMARK [1][-]{section.33}{\376\377\000A\000r\000q\000u\000i\000t\000e\000c\000t\000u\000r\000a\000\040\000d\000e\000l\000\040\000p\000r\000e\000p\000a\000r\000a\000d\000o\000r\000\040\000d\000i\000g\000i\000t\000a\000l}{chapter.28}% 25
\BOOKMARK [1][-]{section.36}{\376\377\000D\000i\000s\000e\000\361\000o\000\040\000d\000e\000l\000\040\000c\000o\000n\000t\000e\000n\000i\000d\000o\000\040\000d\000e\000\040\000l\000o\000s\000\040\000v\000i\000d\000e\000o\000s\000\040\000p\000a\000r\000a\000\040\000e\000l\000\040\000c\000a\000s\000o\000\040\040\034\000S\000i\000s\000t\000e\000m\000a\000s\000\040\000O\000p\000e\000r\000a\000t\000i\000v\000o\000s\000-\000E\000I\000S\000U\000L\000A\040\035}{chapter.28}% 26
\BOOKMARK [1][-]{section.38}{\376\377\000H\000e\000r\000r\000a\000m\000i\000e\000n\000t\000a\000s\000\040\000p\000a\000r\000a\000\040\000l\000a\000\040\000c\000o\000n\000s\000t\000r\000u\000c\000c\000i\000\363\000n\000\040\000d\000e\000l\000\040\000p\000r\000e\000p\000a\000r\000a\000d\000o\000r\000\040\000d\000i\000g\000i\000t\000a\000l}{chapter.28}% 27
\BOOKMARK [0][-]{chapter.39}{\376\377\000I\000m\000p\000l\000e\000m\000e\000n\000t\000a\000c\000i\000\363\000n}{}% 28
\BOOKMARK [1][-]{section.40}{\376\377\000V\000i\000s\000i\000\363\000n\000\040\000g\000e\000n\000e\000r\000a\000l}{chapter.39}% 29
\BOOKMARK [1][-]{section.43}{\376\377\000V\000i\000s\000t\000a\000\040\000d\000e\000\040\000i\000n\000i\000c\000i\000o}{chapter.39}% 30
\BOOKMARK [1][-]{section.45}{\376\377\000V\000i\000s\000t\000a\000\040\000d\000e\000\040\000c\000o\000n\000t\000e\000n\000i\000d\000o}{chapter.39}% 31
\BOOKMARK [1][-]{section.47}{\376\377\000V\000i\000s\000t\000a\000\040\000d\000e\000\040\000v\000i\000d\000e\000o}{chapter.39}% 32
\BOOKMARK [0][-]{chapter.49}{\376\377\000P\000a\000l\000a\000b\000r\000a\000s\000\040\000F\000i\000n\000a\000l\000e\000s}{}% 33
\BOOKMARK [1][-]{section.50}{\376\377\000C\000o\000n\000c\000l\000u\000s\000i\000o\000n\000e\000s}{chapter.49}% 34
\BOOKMARK [1][-]{section.51}{\376\377\000T\000r\000a\000b\000a\000j\000o\000s\000\040\000f\000u\000t\000u\000r\000o\000s}{chapter.49}% 35
\BOOKMARK [0][-]{chapter*.52}{\376\377\000B\000i\000b\000l\000i\000o\000g\000r\000a\000f\000\355\000a}{}% 36
